2022-12-04 22:37:34,389 [main] INFO CoinGecko - User navigate to URl
2022-12-04 22:37:34,880 [main] INFO CoinGecko - User maximize the window
2022-12-04 22:37:34,960 [main] INFO CoinGecko - User click login tab
2022-12-04 22:37:35,052 [main] INFO CoinGecko - user enter email address
2022-12-04 22:37:35,110 [main] INFO CoinGecko - User enter password
2022-12-04 22:37:36,825 [main] INFO CoinGecko - User click on login button
2022-12-04 22:37:36,854 [main] INFO CoinGecko - User navigate to correct page
2022-12-04 23:07:35,817 [main] INFO CoinGecko - User navigate to URl
2022-12-04 23:07:52,868 [main] INFO CoinGecko - User navigate to URl
2022-12-04 23:08:26,441 [main] INFO CoinGecko - User navigate to URl
2022-12-04 23:08:26,913 [main] INFO CoinGecko - User maximize the window
2022-12-04 23:08:26,975 [main] INFO CoinGecko - User click login tab
2022-12-04 23:08:27,100 [main] INFO CoinGecko - user enter email address
2022-12-04 23:08:27,161 [main] INFO CoinGecko - User enter password
2022-12-04 23:08:28,129 [main] INFO CoinGecko - User click on login button
2022-12-04 23:09:29,734 [main] INFO CoinGecko - User navigate to URl
2022-12-04 23:09:30,227 [main] INFO CoinGecko - User maximize the window
2022-12-04 23:09:30,282 [main] INFO CoinGecko - User click login tab
2022-12-04 23:09:30,376 [main] INFO CoinGecko - user enter email address
2022-12-04 23:09:30,428 [main] INFO CoinGecko - User enter password
2022-12-04 23:09:31,445 [main] INFO CoinGecko - User click on login button
2022-12-04 23:09:54,813 [main] INFO CoinGecko - User navigate to URl
2022-12-04 23:09:55,285 [main] INFO CoinGecko - User maximize the window
2022-12-04 23:09:55,341 [main] INFO CoinGecko - User click login tab
2022-12-04 23:09:55,406 [main] INFO CoinGecko - user enter email address
2022-12-04 23:09:55,464 [main] INFO CoinGecko - User enter password
2022-12-04 23:09:56,440 [main] INFO CoinGecko - User click on login button
2022-12-04 23:11:04,315 [main] INFO CoinGecko - User navigate to URl
2022-12-04 23:11:04,799 [main] INFO CoinGecko - User maximize the window
2022-12-04 23:11:04,857 [main] INFO CoinGecko - User click login tab
2022-12-04 23:11:04,935 [main] INFO CoinGecko - user enter email address
2022-12-04 23:11:04,981 [main] INFO CoinGecko - User enter password
2022-12-04 23:11:06,664 [main] INFO CoinGecko - User click on login button
2022-12-04 23:11:06,670 [main] INFO CoinGecko - User navigate to correct page
2022-12-04 23:20:07,846 [main] INFO CoinGecko - User navigate to URl
2022-12-04 23:20:17,484 [main] INFO CoinGecko - User navigate to URl
2022-12-04 23:21:10,902 [main] INFO CoinGecko - User navigate to URl
2022-12-04 23:21:28,135 [main] INFO CoinGecko - User navigate to URl
2022-12-04 23:22:07,441 [main] INFO CoinGecko - User navigate to URl
2022-12-04 23:28:29,314 [main] INFO CoinGecko - User navigate to URl
2022-12-04 23:28:31,815 [main] INFO CoinGecko - User maximize the window
2022-12-04 23:28:31,880 [main] INFO CoinGecko - User click login tab
2022-12-04 23:28:31,980 [main] INFO CoinGecko - user enter email address
2022-12-04 23:28:32,157 [main] INFO CoinGecko - User enter password
2022-12-04 23:28:35,400 [main] INFO CoinGecko - User click on login button
2022-12-04 23:28:35,426 [main] INFO CoinGecko - User navigate to correct page
2022-12-04 23:30:29,273 [main] INFO CoinGecko - User navigate to URl
2022-12-04 23:30:31,751 [main] INFO CoinGecko - User maximize the window
2022-12-04 23:30:31,810 [main] INFO CoinGecko - User click login tab
2022-12-04 23:30:31,914 [main] INFO CoinGecko - user enter email address
2022-12-04 23:30:31,978 [main] INFO CoinGecko - User enter password
2022-12-04 23:30:33,857 [main] INFO CoinGecko - User click on login button
2022-12-04 23:30:33,883 [main] INFO CoinGecko - User navigate to correct page
